<?xml version="1.0" encoding="UTF-8"?>
<TestRun id="b06778c4-85b1-4c15-8100-4450c5266a44" name="eugene.tsarovski@L-CB09130874 2012-07-20 09:58:33" runUser="58NINETY\eugene.tsarovski" xmlns="http://microsoft.com/schemas/VisualStudio/TeamTest/2010">
  <TestSettings name="Local" id="e980f982-5501-4d9c-a17c-58d207af1760">
    <Description>These are default test settings for a local test run.</Description>
    <Deployment runDeploymentRoot="eugene.tsarovski_L-CB09130874 2012-07-20 09_58_33">
      <DeploymentItem filename="t:\Code\FakeTextGenerator\packages\FluentAssertions.1.7.1.1\Lib\net40\FluentAssertions.dll" />
      <DeploymentItem filename="t:\Code\FakeTextGenerator\FakeTextGenerator\bin\Debug\FakeTextGenerator.dll" />
    </Deployment>
    <Execution>
      <TestTypeSpecific>
        <UnitTestRunConfig testTypeId="13cdc9d9-ddb5-4fa4-a97d-d965ccfc6d4b">
          <AssemblyResolution>
            <TestDirectory useLoadContext="true" />
          </AssemblyResolution>
        </UnitTestRunConfig>
        <WebTestRunConfiguration testTypeId="4e7599fa-5ecb-43e9-a887-cd63cf72d207">
          <Browser name="Internet Explorer 7.0">
            <Headers>
              <Header name="User-Agent" value="Mozilla/4.0 (compatible; MSIE 7.0; Windows NT 5.1)" />
              <Header name="Accept" value="*/*" />
              <Header name="Accept-Language" value="{{$IEAcceptLanguage}}" />
              <Header name="Accept-Encoding" value="GZIP" />
            </Headers>
          </Browser>
        </WebTestRunConfiguration>
      </TestTypeSpecific>
      <AgentRule name="LocalMachineDefaultRole">
      </AgentRule>
    </Execution>
  </TestSettings>
  <Times creation="2012-07-20T09:58:33.4037228-04:00" queuing="2012-07-20T09:58:34.9948819-04:00" start="2012-07-20T09:58:35.1058930-04:00" finish="2012-07-20T09:58:47.5421365-04:00" />
  <ResultSummary outcome="Completed">
    <Counters total="19" executed="19" passed="19" error="0" failed="0" timeout="0" aborted="0" inconclusive="0" passedButRunAborted="0" notRunnable="0" notExecuted="0" disconnected="0" warning="0" completed="0" inProgress="0" pending="0" />
  </ResultSummary>
  <TestDefinitions>
    <UnitTest name="MakeText" storage="t:\code\faketextgenerator\unittests\bin\debug\unittests.dll" id="9e4613d9-5d4d-9083-b4c2-bf539c7e8a6c">
      <Execution id="e24a1a00-e0ea-4059-b81a-283369b07119" />
      <TestMethod codeBase="t:/Code/FakeTextGenerator/UnitTests/bin/Debug/UnitTests.DLL" adapterTypeName="Microsoft.VisualStudio.TestTools.TestTypes.Unit.UnitTestAdapter, Microsoft.VisualStudio.QualityTools.Tips.UnitTest.Adapter, Version=10.0.0.0, Culture=neutral, PublicKeyToken=b03f5f7f11d50a3a" className="UnitTests.CodeSamples, UnitTests, Version=1.0.0.0, Culture=neutral, PublicKeyToken=null" name="MakeText" />
    </UnitTest>
    <UnitTest name="WordCreator_ShouldNotGenerateWords_ThatHave3SameAdjacentLetters" storage="t:\code\faketextgenerator\unittests\bin\debug\unittests.dll" id="9d39a5bb-bcb4-20e2-92b0-e7417a54b202">
      <Execution id="ffd84311-bd94-47d8-a690-62111fd127a0" />
      <TestMethod codeBase="t:/Code/FakeTextGenerator/UnitTests/bin/Debug/UnitTests.DLL" adapterTypeName="Microsoft.VisualStudio.TestTools.TestTypes.Unit.UnitTestAdapter, Microsoft.VisualStudio.QualityTools.Tips.UnitTest.Adapter, Version=10.0.0.0, Culture=neutral, PublicKeyToken=b03f5f7f11d50a3a" className="UnitTests.TextGeneratorTest, UnitTests, Version=1.0.0.0, Culture=neutral, PublicKeyToken=null" name="WordCreator_ShouldNotGenerateWords_ThatHave3SameAdjacentLetters" />
    </UnitTest>
    <UnitTest name="MakeNames" storage="t:\code\faketextgenerator\unittests\bin\debug\unittests.dll" id="62371a00-5bf6-77d9-20b9-a9926459feec">
      <Execution id="4c87e66c-f4cd-49dd-8e30-02d610780252" />
      <TestMethod codeBase="t:/Code/FakeTextGenerator/UnitTests/bin/Debug/UnitTests.DLL" adapterTypeName="Microsoft.VisualStudio.TestTools.TestTypes.Unit.UnitTestAdapter, Microsoft.VisualStudio.QualityTools.Tips.UnitTest.Adapter, Version=10.0.0.0, Culture=neutral, PublicKeyToken=b03f5f7f11d50a3a" className="UnitTests.CodeSamples, UnitTests, Version=1.0.0.0, Culture=neutral, PublicKeyToken=null" name="MakeNames" />
    </UnitTest>
    <UnitTest name="CreateNonEnglishTextTest2" storage="t:\code\faketextgenerator\unittests\bin\debug\unittests.dll" id="59b1330a-edcc-5b09-dfd3-1333e90799c0">
      <DeploymentItems>
        <DeploymentItem filename="Corpuses\spanish.txt" outputDirectory="Corpuses" />
      </DeploymentItems>
      <Execution id="2366ba0c-5491-4a76-b2e7-b29743b9761a" />
      <TestMethod codeBase="t:/Code/FakeTextGenerator/UnitTests/bin/Debug/UnitTests.DLL" adapterTypeName="Microsoft.VisualStudio.TestTools.TestTypes.Unit.UnitTestAdapter, Microsoft.VisualStudio.QualityTools.Tips.UnitTest.Adapter, Version=10.0.0.0, Culture=neutral, PublicKeyToken=b03f5f7f11d50a3a" className="UnitTests.TextGeneratorTest, UnitTests, Version=1.0.0.0, Culture=neutral, PublicKeyToken=null" name="CreateNonEnglishTextTest2" />
    </UnitTest>
    <UnitTest name="MakeWords" storage="t:\code\faketextgenerator\unittests\bin\debug\unittests.dll" id="19e76c4a-a9cd-f8c5-46f4-485e921441c2">
      <Execution id="48c5336b-d6cc-4b8b-9a02-c228c0c5af26" />
      <TestMethod codeBase="t:/Code/FakeTextGenerator/UnitTests/bin/Debug/UnitTests.DLL" adapterTypeName="Microsoft.VisualStudio.TestTools.TestTypes.Unit.UnitTestAdapter, Microsoft.VisualStudio.QualityTools.Tips.UnitTest.Adapter, Version=10.0.0.0, Culture=neutral, PublicKeyToken=b03f5f7f11d50a3a" className="UnitTests.CodeSamples, UnitTests, Version=1.0.0.0, Culture=neutral, PublicKeyToken=null" name="MakeWords" />
    </UnitTest>
    <UnitTest name="WordCreator_ShouldMakeNames" storage="t:\code\faketextgenerator\unittests\bin\debug\unittests.dll" id="37d113b0-367a-13f2-f940-0d21ae5efacc">
      <Execution id="6844bfcd-d03e-44cb-a831-16420cf94dad" />
      <TestMethod codeBase="t:/Code/FakeTextGenerator/UnitTests/bin/Debug/UnitTests.DLL" adapterTypeName="Microsoft.VisualStudio.TestTools.TestTypes.Unit.UnitTestAdapter, Microsoft.VisualStudio.QualityTools.Tips.UnitTest.Adapter, Version=10.0.0.0, Culture=neutral, PublicKeyToken=b03f5f7f11d50a3a" className="UnitTests.TextGeneratorTest, UnitTests, Version=1.0.0.0, Culture=neutral, PublicKeyToken=null" name="WordCreator_ShouldMakeNames" />
    </UnitTest>
    <UnitTest name="MakeRussianAndSpanishText" storage="t:\code\faketextgenerator\unittests\bin\debug\unittests.dll" id="09ea6729-4353-5601-2989-91ec88cc7092">
      <DeploymentItems>
        <DeploymentItem filename="Corpuses\rus.txt" outputDirectory="Corpuses" />
        <DeploymentItem filename="Corpuses\spanish.txt" outputDirectory="Corpuses" />
      </DeploymentItems>
      <Execution id="d881c1b5-0f8a-4814-9cf4-0eda448458d6" />
      <TestMethod codeBase="t:/Code/FakeTextGenerator/UnitTests/bin/Debug/UnitTests.DLL" adapterTypeName="Microsoft.VisualStudio.TestTools.TestTypes.Unit.UnitTestAdapter, Microsoft.VisualStudio.QualityTools.Tips.UnitTest.Adapter, Version=10.0.0.0, Culture=neutral, PublicKeyToken=b03f5f7f11d50a3a" className="UnitTests.CodeSamples, UnitTests, Version=1.0.0.0, Culture=neutral, PublicKeyToken=null" name="MakeRussianAndSpanishText" />
    </UnitTest>
    <UnitTest name="CreateText_ShouldWorkOffSmallCorpus" storage="t:\code\faketextgenerator\unittests\bin\debug\unittests.dll" id="de5d1378-ab6f-1fe9-f35e-821081d82f76">
      <DeploymentItems>
        <DeploymentItem filename="Corpuses\short.txt" outputDirectory="Corpuses" />
      </DeploymentItems>
      <Execution id="65976901-12f0-4131-b2b9-aa379193c88a" />
      <TestMethod codeBase="t:/Code/FakeTextGenerator/UnitTests/bin/Debug/UnitTests.DLL" adapterTypeName="Microsoft.VisualStudio.TestTools.TestTypes.Unit.UnitTestAdapter, Microsoft.VisualStudio.QualityTools.Tips.UnitTest.Adapter, Version=10.0.0.0, Culture=neutral, PublicKeyToken=b03f5f7f11d50a3a" className="UnitTests.TextGeneratorTest, UnitTests, Version=1.0.0.0, Culture=neutral, PublicKeyToken=null" name="CreateText_ShouldWorkOffSmallCorpus" />
    </UnitTest>
    <UnitTest name="WordCreator_ShouldMakeWords" storage="t:\code\faketextgenerator\unittests\bin\debug\unittests.dll" id="072b5023-4889-66cb-43b4-bcbd56580ea1">
      <Execution id="073a6713-cc53-4fd3-8107-703119e7ff98" />
      <TestMethod codeBase="t:/Code/FakeTextGenerator/UnitTests/bin/Debug/UnitTests.DLL" adapterTypeName="Microsoft.VisualStudio.TestTools.TestTypes.Unit.UnitTestAdapter, Microsoft.VisualStudio.QualityTools.Tips.UnitTest.Adapter, Version=10.0.0.0, Culture=neutral, PublicKeyToken=b03f5f7f11d50a3a" className="UnitTests.TextGeneratorTest, UnitTests, Version=1.0.0.0, Culture=neutral, PublicKeyToken=null" name="WordCreator_ShouldMakeWords" />
    </UnitTest>
    <UnitTest name="Text_ShouldNotHaveSentences_LongerThan_MaxSentenceLength" storage="t:\code\faketextgenerator\unittests\bin\debug\unittests.dll" id="87ab33e8-9d3c-dd2b-f64d-7bb9727670d1">
      <Execution id="45829809-77a6-4949-a8e7-07daf2686a6f" />
      <TestMethod codeBase="t:/Code/FakeTextGenerator/UnitTests/bin/Debug/UnitTests.DLL" adapterTypeName="Microsoft.VisualStudio.TestTools.TestTypes.Unit.UnitTestAdapter, Microsoft.VisualStudio.QualityTools.Tips.UnitTest.Adapter, Version=10.0.0.0, Culture=neutral, PublicKeyToken=b03f5f7f11d50a3a" className="UnitTests.TextGeneratorTest, UnitTests, Version=1.0.0.0, Culture=neutral, PublicKeyToken=null" name="Text_ShouldNotHaveSentences_LongerThan_MaxSentenceLength" />
    </UnitTest>
    <UnitTest name="CreateTextTest" storage="t:\code\faketextgenerator\unittests\bin\debug\unittests.dll" id="c92b14cb-c98c-634f-3a86-d879dc472d47">
      <Execution id="ed48ad22-b87e-48ed-b84a-92ceea33a1d0" />
      <TestMethod codeBase="t:/Code/FakeTextGenerator/UnitTests/bin/Debug/UnitTests.DLL" adapterTypeName="Microsoft.VisualStudio.TestTools.TestTypes.Unit.UnitTestAdapter, Microsoft.VisualStudio.QualityTools.Tips.UnitTest.Adapter, Version=10.0.0.0, Culture=neutral, PublicKeyToken=b03f5f7f11d50a3a" className="UnitTests.TextGeneratorTest, UnitTests, Version=1.0.0.0, Culture=neutral, PublicKeyToken=null" name="CreateTextTest" />
    </UnitTest>
    <UnitTest name="SerializeToFileTest" storage="t:\code\faketextgenerator\unittests\bin\debug\unittests.dll" id="bd3bcb1c-00c4-daa8-3a32-b2992f65136b">
      <DeploymentItems>
        <DeploymentItem filename="Corpuses\eng.txt" outputDirectory="Corpuses" />
        <DeploymentItem filename="Corpuses\names.txt" outputDirectory="Corpuses" />
      </DeploymentItems>
      <Execution id="237f0e44-54a4-497f-adf1-a5d0d4c51994" />
      <TestMethod codeBase="t:/Code/FakeTextGenerator/UnitTests/bin/Debug/UnitTests.DLL" adapterTypeName="Microsoft.VisualStudio.TestTools.TestTypes.Unit.UnitTestAdapter, Microsoft.VisualStudio.QualityTools.Tips.UnitTest.Adapter, Version=10.0.0.0, Culture=neutral, PublicKeyToken=b03f5f7f11d50a3a" className="UnitTests.CorpusTest, UnitTests, Version=1.0.0.0, Culture=neutral, PublicKeyToken=null" name="SerializeToFileTest" />
    </UnitTest>
    <UnitTest name="CreateNonEnglishTextTest" storage="t:\code\faketextgenerator\unittests\bin\debug\unittests.dll" id="5ec45dcd-dda2-a114-b6d1-921c0af71bf7">
      <DeploymentItems>
        <DeploymentItem filename="Corpuses\rus.txt" outputDirectory="Corpuses" />
      </DeploymentItems>
      <Execution id="482b8537-221f-4b04-a2c8-1a3563d7088e" />
      <TestMethod codeBase="t:/Code/FakeTextGenerator/UnitTests/bin/Debug/UnitTests.DLL" adapterTypeName="Microsoft.VisualStudio.TestTools.TestTypes.Unit.UnitTestAdapter, Microsoft.VisualStudio.QualityTools.Tips.UnitTest.Adapter, Version=10.0.0.0, Culture=neutral, PublicKeyToken=b03f5f7f11d50a3a" className="UnitTests.TextGeneratorTest, UnitTests, Version=1.0.0.0, Culture=neutral, PublicKeyToken=null" name="CreateNonEnglishTextTest" />
    </UnitTest>
    <UnitTest name="WordCreator_ShouldMakeLongWords" storage="t:\code\faketextgenerator\unittests\bin\debug\unittests.dll" id="c3ee2483-7528-25ca-0bab-bfd4e5050b50">
      <Execution id="da516354-8822-4c39-8eaa-800da1dfcdb3" />
      <TestMethod codeBase="t:/Code/FakeTextGenerator/UnitTests/bin/Debug/UnitTests.DLL" adapterTypeName="Microsoft.VisualStudio.TestTools.TestTypes.Unit.UnitTestAdapter, Microsoft.VisualStudio.QualityTools.Tips.UnitTest.Adapter, Version=10.0.0.0, Culture=neutral, PublicKeyToken=b03f5f7f11d50a3a" className="UnitTests.TextGeneratorTest, UnitTests, Version=1.0.0.0, Culture=neutral, PublicKeyToken=null" name="WordCreator_ShouldMakeLongWords" />
    </UnitTest>
    <UnitTest name="WordCreatorConstructors_ShouldNotTrowExceptions" storage="t:\code\faketextgenerator\unittests\bin\debug\unittests.dll" id="48ef9f09-52f3-d397-6924-b2876abe3a16">
      <Execution id="84aa2346-147f-4060-87ec-e9bf29235f77" />
      <TestMethod codeBase="t:/Code/FakeTextGenerator/UnitTests/bin/Debug/UnitTests.DLL" adapterTypeName="Microsoft.VisualStudio.TestTools.TestTypes.Unit.UnitTestAdapter, Microsoft.VisualStudio.QualityTools.Tips.UnitTest.Adapter, Version=10.0.0.0, Culture=neutral, PublicKeyToken=b03f5f7f11d50a3a" className="UnitTests.TextGeneratorTest, UnitTests, Version=1.0.0.0, Culture=neutral, PublicKeyToken=null" name="WordCreatorConstructors_ShouldNotTrowExceptions" />
    </UnitTest>
    <UnitTest name="CorpusShouldContainDistinctLetters" storage="t:\code\faketextgenerator\unittests\bin\debug\unittests.dll" id="301681a7-bc13-5a4f-f2d7-1481c3dc8556">
      <Execution id="1e681a0a-630e-4662-b199-740b284f8781" />
      <TestMethod codeBase="t:/Code/FakeTextGenerator/UnitTests/bin/Debug/UnitTests.DLL" adapterTypeName="Microsoft.VisualStudio.TestTools.TestTypes.Unit.UnitTestAdapter, Microsoft.VisualStudio.QualityTools.Tips.UnitTest.Adapter, Version=10.0.0.0, Culture=neutral, PublicKeyToken=b03f5f7f11d50a3a" className="UnitTests.CorpusTest, UnitTests, Version=1.0.0.0, Culture=neutral, PublicKeyToken=null" name="CorpusShouldContainDistinctLetters" />
    </UnitTest>
    <UnitTest name="IWant_TextGenerator_ToTakeLessThan_500ms_ToGenerate_1000Words" storage="t:\code\faketextgenerator\unittests\bin\debug\unittests.dll" id="446f59bb-4e2c-a21b-057b-75294a5fdee2">
      <Execution id="c3455f32-f39c-48a7-bdde-9833f2b23993" />
      <TestMethod codeBase="t:/Code/FakeTextGenerator/UnitTests/bin/Debug/UnitTests.DLL" adapterTypeName="Microsoft.VisualStudio.TestTools.TestTypes.Unit.UnitTestAdapter, Microsoft.VisualStudio.QualityTools.Tips.UnitTest.Adapter, Version=10.0.0.0, Culture=neutral, PublicKeyToken=b03f5f7f11d50a3a" className="UnitTests.TextGeneratorTest, UnitTests, Version=1.0.0.0, Culture=neutral, PublicKeyToken=null" name="IWant_TextGenerator_ToTakeLessThan_500ms_ToGenerate_1000Words" />
    </UnitTest>
    <UnitTest name="ProcessTextFile_ShouldProduceCorpus" storage="t:\code\faketextgenerator\unittests\bin\debug\unittests.dll" id="8f559d40-b87e-af1d-1c51-b8a2bc8de667">
      <DeploymentItems>
        <DeploymentItem filename="Corpuses\eng.txt" outputDirectory="Corpuses" />
      </DeploymentItems>
      <Execution id="f8019fd8-12c1-42c4-b005-9b7a43da4101" />
      <TestMethod codeBase="t:/Code/FakeTextGenerator/UnitTests/bin/Debug/UnitTests.DLL" adapterTypeName="Microsoft.VisualStudio.TestTools.TestTypes.Unit.UnitTestAdapter, Microsoft.VisualStudio.QualityTools.Tips.UnitTest.Adapter, Version=10.0.0.0, Culture=neutral, PublicKeyToken=b03f5f7f11d50a3a" className="UnitTests.CorpusTest, UnitTests, Version=1.0.0.0, Culture=neutral, PublicKeyToken=null" name="ProcessTextFile_ShouldProduceCorpus" />
    </UnitTest>
    <UnitTest name="DeserializeFromFile_ShouldRecreateCorpus" storage="t:\code\faketextgenerator\unittests\bin\debug\unittests.dll" id="d88fe05e-74e0-72cc-66d5-bb372dd2d4f3">
      <DeploymentItems>
        <DeploymentItem filename="Corpuses\eng.txt" outputDirectory="Corpuses" />
      </DeploymentItems>
      <Execution id="82e3b3dd-2cf8-4bed-aebf-27f4c4d1ce33" />
      <TestMethod codeBase="t:/Code/FakeTextGenerator/UnitTests/bin/Debug/UnitTests.DLL" adapterTypeName="Microsoft.VisualStudio.TestTools.TestTypes.Unit.UnitTestAdapter, Microsoft.VisualStudio.QualityTools.Tips.UnitTest.Adapter, Version=10.0.0.0, Culture=neutral, PublicKeyToken=b03f5f7f11d50a3a" className="UnitTests.CorpusTest, UnitTests, Version=1.0.0.0, Culture=neutral, PublicKeyToken=null" name="DeserializeFromFile_ShouldRecreateCorpus" />
    </UnitTest>
  </TestDefinitions>
  <TestLists>
    <TestList name="Results Not in a List" id="8c84fa94-04c1-424b-9868-57a2d4851a1d" />
    <TestList name="All Loaded Results" id="19431567-8539-422a-85d7-44ee4e166bda" />
  </TestLists>
  <TestEntries>
    <TestEntry testId="072b5023-4889-66cb-43b4-bcbd56580ea1" executionId="073a6713-cc53-4fd3-8107-703119e7ff98" testListId="8c84fa94-04c1-424b-9868-57a2d4851a1d" />
    <TestEntry testId="09ea6729-4353-5601-2989-91ec88cc7092" executionId="d881c1b5-0f8a-4814-9cf4-0eda448458d6" testListId="8c84fa94-04c1-424b-9868-57a2d4851a1d" />
    <TestEntry testId="19e76c4a-a9cd-f8c5-46f4-485e921441c2" executionId="48c5336b-d6cc-4b8b-9a02-c228c0c5af26" testListId="8c84fa94-04c1-424b-9868-57a2d4851a1d" />
    <TestEntry testId="301681a7-bc13-5a4f-f2d7-1481c3dc8556" executionId="1e681a0a-630e-4662-b199-740b284f8781" testListId="8c84fa94-04c1-424b-9868-57a2d4851a1d" />
    <TestEntry testId="37d113b0-367a-13f2-f940-0d21ae5efacc" executionId="6844bfcd-d03e-44cb-a831-16420cf94dad" testListId="8c84fa94-04c1-424b-9868-57a2d4851a1d" />
    <TestEntry testId="446f59bb-4e2c-a21b-057b-75294a5fdee2" executionId="c3455f32-f39c-48a7-bdde-9833f2b23993" testListId="8c84fa94-04c1-424b-9868-57a2d4851a1d" />
    <TestEntry testId="48ef9f09-52f3-d397-6924-b2876abe3a16" executionId="84aa2346-147f-4060-87ec-e9bf29235f77" testListId="8c84fa94-04c1-424b-9868-57a2d4851a1d" />
    <TestEntry testId="59b1330a-edcc-5b09-dfd3-1333e90799c0" executionId="2366ba0c-5491-4a76-b2e7-b29743b9761a" testListId="8c84fa94-04c1-424b-9868-57a2d4851a1d" />
    <TestEntry testId="5ec45dcd-dda2-a114-b6d1-921c0af71bf7" executionId="482b8537-221f-4b04-a2c8-1a3563d7088e" testListId="8c84fa94-04c1-424b-9868-57a2d4851a1d" />
    <TestEntry testId="62371a00-5bf6-77d9-20b9-a9926459feec" executionId="4c87e66c-f4cd-49dd-8e30-02d610780252" testListId="8c84fa94-04c1-424b-9868-57a2d4851a1d" />
    <TestEntry testId="87ab33e8-9d3c-dd2b-f64d-7bb9727670d1" executionId="45829809-77a6-4949-a8e7-07daf2686a6f" testListId="8c84fa94-04c1-424b-9868-57a2d4851a1d" />
    <TestEntry testId="8f559d40-b87e-af1d-1c51-b8a2bc8de667" executionId="f8019fd8-12c1-42c4-b005-9b7a43da4101" testListId="8c84fa94-04c1-424b-9868-57a2d4851a1d" />
    <TestEntry testId="9d39a5bb-bcb4-20e2-92b0-e7417a54b202" executionId="ffd84311-bd94-47d8-a690-62111fd127a0" testListId="8c84fa94-04c1-424b-9868-57a2d4851a1d" />
    <TestEntry testId="9e4613d9-5d4d-9083-b4c2-bf539c7e8a6c" executionId="e24a1a00-e0ea-4059-b81a-283369b07119" testListId="8c84fa94-04c1-424b-9868-57a2d4851a1d" />
    <TestEntry testId="bd3bcb1c-00c4-daa8-3a32-b2992f65136b" executionId="237f0e44-54a4-497f-adf1-a5d0d4c51994" testListId="8c84fa94-04c1-424b-9868-57a2d4851a1d" />
    <TestEntry testId="c3ee2483-7528-25ca-0bab-bfd4e5050b50" executionId="da516354-8822-4c39-8eaa-800da1dfcdb3" testListId="8c84fa94-04c1-424b-9868-57a2d4851a1d" />
    <TestEntry testId="c92b14cb-c98c-634f-3a86-d879dc472d47" executionId="ed48ad22-b87e-48ed-b84a-92ceea33a1d0" testListId="8c84fa94-04c1-424b-9868-57a2d4851a1d" />
    <TestEntry testId="d88fe05e-74e0-72cc-66d5-bb372dd2d4f3" executionId="82e3b3dd-2cf8-4bed-aebf-27f4c4d1ce33" testListId="8c84fa94-04c1-424b-9868-57a2d4851a1d" />
    <TestEntry testId="de5d1378-ab6f-1fe9-f35e-821081d82f76" executionId="65976901-12f0-4131-b2b9-aa379193c88a" testListId="8c84fa94-04c1-424b-9868-57a2d4851a1d" />
  </TestEntries>
  <Results>
    <UnitTestResult executionId="073a6713-cc53-4fd3-8107-703119e7ff98" testId="072b5023-4889-66cb-43b4-bcbd56580ea1" testName="WordCreator_ShouldMakeWords" computerName="L-CB09130874" duration="00:00:00.1716830" startTime="2012-07-20T09:58:35.1568981-04:00" endTime="2012-07-20T09:58:36.4170241-04:00" testType="13cdc9d9-ddb5-4fa4-a97d-d965ccfc6d4b" outcome="Passed" testListId="8c84fa94-04c1-424b-9868-57a2d4851a1d" relativeResultsDirectory="073a6713-cc53-4fd3-8107-703119e7ff98">
    </UnitTestResult>
    <UnitTestResult executionId="d881c1b5-0f8a-4814-9cf4-0eda448458d6" testId="09ea6729-4353-5601-2989-91ec88cc7092" testName="MakeRussianAndSpanishText" computerName="L-CB09130874" duration="00:00:00.1255419" startTime="2012-07-20T09:58:36.4300254-04:00" endTime="2012-07-20T09:58:36.5610385-04:00" testType="13cdc9d9-ddb5-4fa4-a97d-d965ccfc6d4b" outcome="Passed" testListId="8c84fa94-04c1-424b-9868-57a2d4851a1d" relativeResultsDirectory="d881c1b5-0f8a-4814-9cf4-0eda448458d6">
    </UnitTestResult>
    <UnitTestResult executionId="48c5336b-d6cc-4b8b-9a02-c228c0c5af26" testId="19e76c4a-a9cd-f8c5-46f4-485e921441c2" testName="MakeWords" computerName="L-CB09130874" duration="00:00:00.0193268" startTime="2012-07-20T09:58:36.5710395-04:00" endTime="2012-07-20T09:58:36.5950419-04:00" testType="13cdc9d9-ddb5-4fa4-a97d-d965ccfc6d4b" outcome="Passed" testListId="8c84fa94-04c1-424b-9868-57a2d4851a1d" relativeResultsDirectory="48c5336b-d6cc-4b8b-9a02-c228c0c5af26">
    </UnitTestResult>
    <UnitTestResult executionId="1e681a0a-630e-4662-b199-740b284f8781" testId="301681a7-bc13-5a4f-f2d7-1481c3dc8556" testName="CorpusShouldContainDistinctLetters" computerName="L-CB09130874" duration="00:00:00.0143131" startTime="2012-07-20T09:58:36.6030427-04:00" endTime="2012-07-20T09:58:36.6220446-04:00" testType="13cdc9d9-ddb5-4fa4-a97d-d965ccfc6d4b" outcome="Passed" testListId="8c84fa94-04c1-424b-9868-57a2d4851a1d" relativeResultsDirectory="1e681a0a-630e-4662-b199-740b284f8781">
    </UnitTestResult>
    <UnitTestResult executionId="6844bfcd-d03e-44cb-a831-16420cf94dad" testId="37d113b0-367a-13f2-f940-0d21ae5efacc" testName="WordCreator_ShouldMakeNames" computerName="L-CB09130874" duration="00:00:00.0566824" startTime="2012-07-20T09:58:36.6270451-04:00" endTime="2012-07-20T09:58:36.6870511-04:00" testType="13cdc9d9-ddb5-4fa4-a97d-d965ccfc6d4b" outcome="Passed" testListId="8c84fa94-04c1-424b-9868-57a2d4851a1d" relativeResultsDirectory="6844bfcd-d03e-44cb-a831-16420cf94dad">
    </UnitTestResult>
    <UnitTestResult executionId="c3455f32-f39c-48a7-bdde-9833f2b23993" testId="446f59bb-4e2c-a21b-057b-75294a5fdee2" testName="IWant_TextGenerator_ToTakeLessThan_500ms_ToGenerate_1000Words" computerName="L-CB09130874" duration="00:00:00.4685926" startTime="2012-07-20T09:58:36.6920516-04:00" endTime="2012-07-20T09:58:37.1650989-04:00" testType="13cdc9d9-ddb5-4fa4-a97d-d965ccfc6d4b" outcome="Passed" testListId="8c84fa94-04c1-424b-9868-57a2d4851a1d" relativeResultsDirectory="c3455f32-f39c-48a7-bdde-9833f2b23993">
      <Output>
        <DebugTrace>Total elapsed: 454 ms
</DebugTrace>
      </Output>
    </UnitTestResult>
    <UnitTestResult executionId="84aa2346-147f-4060-87ec-e9bf29235f77" testId="48ef9f09-52f3-d397-6924-b2876abe3a16" testName="WordCreatorConstructors_ShouldNotTrowExceptions" computerName="L-CB09130874" duration="00:00:00.0338140" startTime="2012-07-20T09:58:37.1750999-04:00" endTime="2012-07-20T09:58:37.2121036-04:00" testType="13cdc9d9-ddb5-4fa4-a97d-d965ccfc6d4b" outcome="Passed" testListId="8c84fa94-04c1-424b-9868-57a2d4851a1d" relativeResultsDirectory="84aa2346-147f-4060-87ec-e9bf29235f77">
    </UnitTestResult>
    <UnitTestResult executionId="2366ba0c-5491-4a76-b2e7-b29743b9761a" testId="59b1330a-edcc-5b09-dfd3-1333e90799c0" testName="CreateNonEnglishTextTest2" computerName="L-CB09130874" duration="00:00:00.1256169" startTime="2012-07-20T09:58:37.2171041-04:00" endTime="2012-07-20T09:58:37.3471171-04:00" testType="13cdc9d9-ddb5-4fa4-a97d-d965ccfc6d4b" outcome="Passed" testListId="8c84fa94-04c1-424b-9868-57a2d4851a1d" relativeResultsDirectory="2366ba0c-5491-4a76-b2e7-b29743b9761a">
    </UnitTestResult>
    <UnitTestResult executionId="482b8537-221f-4b04-a2c8-1a3563d7088e" testId="5ec45dcd-dda2-a114-b6d1-921c0af71bf7" testName="CreateNonEnglishTextTest" computerName="L-CB09130874" duration="00:00:00.1570624" startTime="2012-07-20T09:58:37.3521176-04:00" endTime="2012-07-20T09:58:37.5141338-04:00" testType="13cdc9d9-ddb5-4fa4-a97d-d965ccfc6d4b" outcome="Passed" testListId="8c84fa94-04c1-424b-9868-57a2d4851a1d" relativeResultsDirectory="482b8537-221f-4b04-a2c8-1a3563d7088e">
    </UnitTestResult>
    <UnitTestResult executionId="4c87e66c-f4cd-49dd-8e30-02d610780252" testId="62371a00-5bf6-77d9-20b9-a9926459feec" testName="MakeNames" computerName="L-CB09130874" duration="00:00:00.0099371" startTime="2012-07-20T09:58:37.5241348-04:00" endTime="2012-07-20T09:58:37.5371361-04:00" testType="13cdc9d9-ddb5-4fa4-a97d-d965ccfc6d4b" outcome="Passed" testListId="8c84fa94-04c1-424b-9868-57a2d4851a1d" relativeResultsDirectory="4c87e66c-f4cd-49dd-8e30-02d610780252">
    </UnitTestResult>
    <UnitTestResult executionId="45829809-77a6-4949-a8e7-07daf2686a6f" testId="87ab33e8-9d3c-dd2b-f64d-7bb9727670d1" testName="Text_ShouldNotHaveSentences_LongerThan_MaxSentenceLength" computerName="L-CB09130874" duration="00:00:04.4355706" startTime="2012-07-20T09:58:37.5421366-04:00" endTime="2012-07-20T09:58:41.9825806-04:00" testType="13cdc9d9-ddb5-4fa4-a97d-d965ccfc6d4b" outcome="Passed" testListId="8c84fa94-04c1-424b-9868-57a2d4851a1d" relativeResultsDirectory="45829809-77a6-4949-a8e7-07daf2686a6f">
    </UnitTestResult>
    <UnitTestResult executionId="f8019fd8-12c1-42c4-b005-9b7a43da4101" testId="8f559d40-b87e-af1d-1c51-b8a2bc8de667" testName="ProcessTextFile_ShouldProduceCorpus" computerName="L-CB09130874" duration="00:00:00.1620412" startTime="2012-07-20T09:58:41.9975821-04:00" endTime="2012-07-20T09:58:42.1655989-04:00" testType="13cdc9d9-ddb5-4fa4-a97d-d965ccfc6d4b" outcome="Passed" testListId="8c84fa94-04c1-424b-9868-57a2d4851a1d" relativeResultsDirectory="f8019fd8-12c1-42c4-b005-9b7a43da4101">
    </UnitTestResult>
    <UnitTestResult executionId="ffd84311-bd94-47d8-a690-62111fd127a0" testId="9d39a5bb-bcb4-20e2-92b0-e7417a54b202" testName="WordCreator_ShouldNotGenerateWords_ThatHave3SameAdjacentLetters" computerName="L-CB09130874" duration="00:00:04.5573390" startTime="2012-07-20T09:58:42.1745998-04:00" endTime="2012-07-20T09:58:46.7370560-04:00" testType="13cdc9d9-ddb5-4fa4-a97d-d965ccfc6d4b" outcome="Passed" testListId="8c84fa94-04c1-424b-9868-57a2d4851a1d" relativeResultsDirectory="ffd84311-bd94-47d8-a690-62111fd127a0">
    </UnitTestResult>
    <UnitTestResult executionId="e24a1a00-e0ea-4059-b81a-283369b07119" testId="9e4613d9-5d4d-9083-b4c2-bf539c7e8a6c" testName="MakeText" computerName="L-CB09130874" duration="00:00:00.0183469" startTime="2012-07-20T09:58:46.7480571-04:00" endTime="2012-07-20T09:58:46.7710594-04:00" testType="13cdc9d9-ddb5-4fa4-a97d-d965ccfc6d4b" outcome="Passed" testListId="8c84fa94-04c1-424b-9868-57a2d4851a1d" relativeResultsDirectory="e24a1a00-e0ea-4059-b81a-283369b07119">
    </UnitTestResult>
    <UnitTestResult executionId="237f0e44-54a4-497f-adf1-a5d0d4c51994" testId="bd3bcb1c-00c4-daa8-3a32-b2992f65136b" testName="SerializeToFileTest" computerName="L-CB09130874" duration="00:00:00.0169413" startTime="2012-07-20T09:58:46.7790602-04:00" endTime="2012-07-20T09:58:46.8010624-04:00" testType="13cdc9d9-ddb5-4fa4-a97d-d965ccfc6d4b" outcome="Passed" testListId="8c84fa94-04c1-424b-9868-57a2d4851a1d" relativeResultsDirectory="237f0e44-54a4-497f-adf1-a5d0d4c51994">
    </UnitTestResult>
    <UnitTestResult executionId="da516354-8822-4c39-8eaa-800da1dfcdb3" testId="c3ee2483-7528-25ca-0bab-bfd4e5050b50" testName="WordCreator_ShouldMakeLongWords" computerName="L-CB09130874" duration="00:00:00.1532308" startTime="2012-07-20T09:58:46.8090632-04:00" endTime="2012-07-20T09:58:46.9670790-04:00" testType="13cdc9d9-ddb5-4fa4-a97d-d965ccfc6d4b" outcome="Passed" testListId="8c84fa94-04c1-424b-9868-57a2d4851a1d" relativeResultsDirectory="da516354-8822-4c39-8eaa-800da1dfcdb3">
    </UnitTestResult>
    <UnitTestResult executionId="ed48ad22-b87e-48ed-b84a-92ceea33a1d0" testId="c92b14cb-c98c-634f-3a86-d879dc472d47" testName="CreateTextTest" computerName="L-CB09130874" duration="00:00:00.1030421" startTime="2012-07-20T09:58:46.9740797-04:00" endTime="2012-07-20T09:58:47.0820905-04:00" testType="13cdc9d9-ddb5-4fa4-a97d-d965ccfc6d4b" outcome="Passed" testListId="8c84fa94-04c1-424b-9868-57a2d4851a1d" relativeResultsDirectory="ed48ad22-b87e-48ed-b84a-92ceea33a1d0">
    </UnitTestResult>
    <UnitTestResult executionId="82e3b3dd-2cf8-4bed-aebf-27f4c4d1ce33" testId="d88fe05e-74e0-72cc-66d5-bb372dd2d4f3" testName="DeserializeFromFile_ShouldRecreateCorpus" computerName="L-CB09130874" duration="00:00:00.2635025" startTime="2012-07-20T09:58:47.0930916-04:00" endTime="2012-07-20T09:58:47.3621185-04:00" testType="13cdc9d9-ddb5-4fa4-a97d-d965ccfc6d4b" outcome="Passed" testListId="8c84fa94-04c1-424b-9868-57a2d4851a1d" relativeResultsDirectory="82e3b3dd-2cf8-4bed-aebf-27f4c4d1ce33">
    </UnitTestResult>
    <UnitTestResult executionId="65976901-12f0-4131-b2b9-aa379193c88a" testId="de5d1378-ab6f-1fe9-f35e-821081d82f76" testName="CreateText_ShouldWorkOffSmallCorpus" computerName="L-CB09130874" duration="00:00:00.1070455" startTime="2012-07-20T09:58:47.3741197-04:00" endTime="2012-07-20T09:58:47.4871310-04:00" testType="13cdc9d9-ddb5-4fa4-a97d-d965ccfc6d4b" outcome="Passed" testListId="8c84fa94-04c1-424b-9868-57a2d4851a1d" relativeResultsDirectory="65976901-12f0-4131-b2b9-aa379193c88a">
    </UnitTestResult>
  </Results>
</TestRun>