<?xml version="1.0" encoding="UTF-8"?>
<TestRun id="aeb8f239-86dd-473e-8836-af8e3e3ce766" name="Jenya@ET_AT_HOME 2012-07-17 20:52:15" runUser="ET_At_Home\Jenya" xmlns="http://microsoft.com/schemas/VisualStudio/TeamTest/2010">
  <TestSettings name="Local" id="e980f982-5501-4d9c-a17c-58d207af1760">
    <Description>These are default test settings for a local test run.</Description>
    <Deployment runDeploymentRoot="Jenya_ET_AT_HOME 2012-07-17 20_52_15">
      <DeploymentItem filename="S:\Code\FakeTextGenerator\packages\FluentAssertions.1.7.1.1\Lib\net40\FluentAssertions.dll" />
      <DeploymentItem filename="S:\Code\FakeTextGenerator\FakeTextGenerator\bin\Release\FakeTextGenerator.dll" />
    </Deployment>
    <Execution>
      <TestTypeSpecific>
        <UnitTestRunConfig testTypeId="13cdc9d9-ddb5-4fa4-a97d-d965ccfc6d4b">
          <AssemblyResolution>
            <TestDirectory useLoadContext="true" />
          </AssemblyResolution>
        </UnitTestRunConfig>
        <WebTestRunConfiguration testTypeId="4e7599fa-5ecb-43e9-a887-cd63cf72d207">
          <Browser name="Internet Explorer 7.0">
            <Headers>
              <Header name="User-Agent" value="Mozilla/4.0 (compatible; MSIE 7.0; Windows NT 5.1)" />
              <Header name="Accept" value="*/*" />
              <Header name="Accept-Language" value="{{$IEAcceptLanguage}}" />
              <Header name="Accept-Encoding" value="GZIP" />
            </Headers>
          </Browser>
        </WebTestRunConfiguration>
      </TestTypeSpecific>
      <AgentRule name="LocalMachineDefaultRole">
      </AgentRule>
    </Execution>
  </TestSettings>
  <Times creation="2012-07-17T20:52:15.5554000-04:00" queuing="2012-07-17T20:52:21.4914000-04:00" start="2012-07-17T20:52:22.2394000-04:00" finish="2012-07-17T20:52:32.8594000-04:00" />
  <ResultSummary outcome="Error">
    <Counters total="1" executed="1" error="0" failed="0" timeout="0" aborted="1" inconclusive="0" passedButRunAborted="0" notRunnable="0" notExecuted="0" disconnected="0" warning="0" passed="0" completed="0" inProgress="0" pending="0" />
    <RunInfos>
      <RunInfo computerName="ET_AT_HOME" outcome="Error" timestamp="2012-07-17T20:52:32.8464000-04:00">
        <Text>Test host process exited unexpectedly.</Text>
      </RunInfo>
    </RunInfos>
  </ResultSummary>
  <TestDefinitions>
    <UnitTest name="IWant_TextGenerator_ToTakeLessThan_500ms_ToGenerate_1000Words" storage="s:\code\faketextgenerator\unittests\bin\release\unittests.dll" id="446f59bb-4e2c-a21b-057b-75294a5fdee2">
      <Execution id="04c9fbdb-1528-4e97-b30a-76b0bee947b8" />
      <TestMethod codeBase="S:/Code/FakeTextGenerator/UnitTests/bin/Release/UnitTests.DLL" adapterTypeName="Microsoft.VisualStudio.TestTools.TestTypes.Unit.UnitTestAdapter, Microsoft.VisualStudio.QualityTools.Tips.UnitTest.Adapter, Version=10.0.0.0, Culture=neutral, PublicKeyToken=b03f5f7f11d50a3a" className="UnitTests.TextGeneratorTest, UnitTests, Version=1.0.0.0, Culture=neutral, PublicKeyToken=null" name="IWant_TextGenerator_ToTakeLessThan_500ms_ToGenerate_1000Words" />
    </UnitTest>
  </TestDefinitions>
  <TestLists>
    <TestList name="Results Not in a List" id="8c84fa94-04c1-424b-9868-57a2d4851a1d" />
    <TestList name="All Loaded Results" id="19431567-8539-422a-85d7-44ee4e166bda" />
  </TestLists>
  <TestEntries>
    <TestEntry testId="446f59bb-4e2c-a21b-057b-75294a5fdee2" executionId="04c9fbdb-1528-4e97-b30a-76b0bee947b8" testListId="8c84fa94-04c1-424b-9868-57a2d4851a1d" />
  </TestEntries>
  <Results>
    <UnitTestResult executionId="04c9fbdb-1528-4e97-b30a-76b0bee947b8" testId="446f59bb-4e2c-a21b-057b-75294a5fdee2" testName="IWant_TextGenerator_ToTakeLessThan_500ms_ToGenerate_1000Words" computerName="ET_AT_HOME" duration="00:00:10.4310000" startTime="2012-07-17T20:52:22.4274000-04:00" endTime="2012-07-17T20:52:32.8584000-04:00" testType="13cdc9d9-ddb5-4fa4-a97d-d965ccfc6d4b" outcome="Aborted" testListId="8c84fa94-04c1-424b-9868-57a2d4851a1d" relativeResultsDirectory="04c9fbdb-1528-4e97-b30a-76b0bee947b8">
    </UnitTestResult>
  </Results>
</TestRun>