<?xml version="1.0" encoding="UTF-8"?>
<TestRun id="7b1bffcc-2fce-488a-9e6e-c99921deae83" name="Jenya@ET_AT_HOME 2012-07-18 22:13:42" runUser="ET_At_Home\Jenya" xmlns="http://microsoft.com/schemas/VisualStudio/TeamTest/2010">
  <TestSettings name="Local" id="e980f982-5501-4d9c-a17c-58d207af1760">
    <Description>These are default test settings for a local test run.</Description>
    <Deployment runDeploymentRoot="Jenya_ET_AT_HOME 2012-07-18 22_13_42">
      <DeploymentItem filename="S:\Code\FakeTextGenerator\packages\FluentAssertions.1.7.1.1\Lib\net40\FluentAssertions.dll" />
      <DeploymentItem filename="S:\Code\FakeTextGenerator\FakeTextGenerator\bin\Debug\FakeTextGenerator.dll" />
    </Deployment>
    <Execution>
      <TestTypeSpecific>
        <UnitTestRunConfig testTypeId="13cdc9d9-ddb5-4fa4-a97d-d965ccfc6d4b">
          <AssemblyResolution>
            <TestDirectory useLoadContext="true" />
          </AssemblyResolution>
        </UnitTestRunConfig>
        <WebTestRunConfiguration testTypeId="4e7599fa-5ecb-43e9-a887-cd63cf72d207">
          <Browser name="Internet Explorer 7.0">
            <Headers>
              <Header name="User-Agent" value="Mozilla/4.0 (compatible; MSIE 7.0; Windows NT 5.1)" />
              <Header name="Accept" value="*/*" />
              <Header name="Accept-Language" value="{{$IEAcceptLanguage}}" />
              <Header name="Accept-Encoding" value="GZIP" />
            </Headers>
          </Browser>
        </WebTestRunConfiguration>
      </TestTypeSpecific>
      <AgentRule name="LocalMachineDefaultRole">
      </AgentRule>
    </Execution>
  </TestSettings>
  <Times creation="2012-07-18T22:13:42.1854000-04:00" queuing="2012-07-18T22:13:48.6254000-04:00" start="2012-07-18T22:13:49.3264000-04:00" finish="2012-07-18T22:14:20.9404000-04:00" />
  <ResultSummary outcome="Error">
    <Counters total="1" executed="1" error="0" failed="0" timeout="0" aborted="1" inconclusive="0" passedButRunAborted="0" notRunnable="0" notExecuted="0" disconnected="0" warning="0" passed="0" completed="0" inProgress="0" pending="0" />
    <RunInfos>
      <RunInfo computerName="ET_AT_HOME" outcome="Error" timestamp="2012-07-18T22:14:20.9204000-04:00">
        <Text>Test host process exited unexpectedly.</Text>
      </RunInfo>
    </RunInfos>
  </ResultSummary>
  <TestDefinitions>
    <UnitTest name="SpeedTest" storage="s:\code\faketextgenerator\unittests\bin\debug\unittests.dll" id="99950b78-b873-1720-6577-7e0d01a5fab6">
      <Execution id="559ef625-b71c-4530-b3e4-8d39a60b8e67" />
      <TestMethod codeBase="S:/Code/FakeTextGenerator/UnitTests/bin/Debug/UnitTests.DLL" adapterTypeName="Microsoft.VisualStudio.TestTools.TestTypes.Unit.UnitTestAdapter, Microsoft.VisualStudio.QualityTools.Tips.UnitTest.Adapter, Version=10.0.0.0, Culture=neutral, PublicKeyToken=b03f5f7f11d50a3a" className="UnitTests.TextGeneratorTest, UnitTests, Version=1.0.0.0, Culture=neutral, PublicKeyToken=null" name="SpeedTest" />
    </UnitTest>
  </TestDefinitions>
  <TestLists>
    <TestList name="Results Not in a List" id="8c84fa94-04c1-424b-9868-57a2d4851a1d" />
    <TestList name="All Loaded Results" id="19431567-8539-422a-85d7-44ee4e166bda" />
  </TestLists>
  <TestEntries>
    <TestEntry testId="99950b78-b873-1720-6577-7e0d01a5fab6" executionId="559ef625-b71c-4530-b3e4-8d39a60b8e67" testListId="8c84fa94-04c1-424b-9868-57a2d4851a1d" />
  </TestEntries>
  <Results>
    <UnitTestResult executionId="559ef625-b71c-4530-b3e4-8d39a60b8e67" testId="99950b78-b873-1720-6577-7e0d01a5fab6" testName="SpeedTest" computerName="ET_AT_HOME" duration="00:00:31.2040000" startTime="2012-07-18T22:13:49.7364000-04:00" endTime="2012-07-18T22:14:20.9404000-04:00" testType="13cdc9d9-ddb5-4fa4-a97d-d965ccfc6d4b" outcome="Aborted" testListId="8c84fa94-04c1-424b-9868-57a2d4851a1d" relativeResultsDirectory="559ef625-b71c-4530-b3e4-8d39a60b8e67">
    </UnitTestResult>
  </Results>
</TestRun>