<?xml version="1.0" encoding="UTF-8"?>
<TestRun id="0d5ca12f-c836-4856-9bc3-2dc72acffae8" name="Jenya@ET_AT_HOME 2012-07-17 21:07:26" runUser="ET_At_Home\Jenya" xmlns="http://microsoft.com/schemas/VisualStudio/TeamTest/2010">
  <TestSettings name="Local" id="e980f982-5501-4d9c-a17c-58d207af1760">
    <Description>These are default test settings for a local test run.</Description>
    <Deployment runDeploymentRoot="Jenya_ET_AT_HOME 2012-07-17 21_07_26">
      <DeploymentItem filename="S:\Code\FakeTextGenerator\packages\FluentAssertions.1.7.1.1\Lib\net40\FluentAssertions.dll" />
      <DeploymentItem filename="S:\Code\FakeTextGenerator\FakeTextGenerator\bin\Debug\FakeTextGenerator.dll" />
    </Deployment>
    <Execution>
      <TestTypeSpecific>
        <UnitTestRunConfig testTypeId="13cdc9d9-ddb5-4fa4-a97d-d965ccfc6d4b">
          <AssemblyResolution>
            <TestDirectory useLoadContext="true" />
          </AssemblyResolution>
        </UnitTestRunConfig>
        <WebTestRunConfiguration testTypeId="4e7599fa-5ecb-43e9-a887-cd63cf72d207">
          <Browser name="Internet Explorer 7.0">
            <Headers>
              <Header name="User-Agent" value="Mozilla/4.0 (compatible; MSIE 7.0; Windows NT 5.1)" />
              <Header name="Accept" value="*/*" />
              <Header name="Accept-Language" value="{{$IEAcceptLanguage}}" />
              <Header name="Accept-Encoding" value="GZIP" />
            </Headers>
          </Browser>
        </WebTestRunConfiguration>
      </TestTypeSpecific>
      <AgentRule name="LocalMachineDefaultRole">
      </AgentRule>
    </Execution>
  </TestSettings>
  <Times creation="2012-07-17T21:07:26.6624000-04:00" queuing="2012-07-17T21:07:33.0804000-04:00" start="2012-07-17T21:07:33.9934000-04:00" finish="2012-07-17T21:08:40.3034000-04:00" />
  <ResultSummary outcome="Failed">
    <Counters total="1" executed="1" error="0" failed="1" timeout="0" aborted="0" inconclusive="0" passedButRunAborted="0" notRunnable="0" notExecuted="0" disconnected="0" warning="0" passed="0" completed="0" inProgress="0" pending="0" />
  </ResultSummary>
  <TestDefinitions>
    <UnitTest name="IWant_TextGenerator_ToTakeLessThan_500ms_ToGenerate_1000Words" storage="s:\code\faketextgenerator\unittests\bin\debug\unittests.dll" id="446f59bb-4e2c-a21b-057b-75294a5fdee2">
      <Execution id="615b01c3-4d62-44ba-9069-6e8adb67558d" />
      <TestMethod codeBase="S:/Code/FakeTextGenerator/UnitTests/bin/Debug/UnitTests.DLL" adapterTypeName="Microsoft.VisualStudio.TestTools.TestTypes.Unit.UnitTestAdapter, Microsoft.VisualStudio.QualityTools.Tips.UnitTest.Adapter, Version=10.0.0.0, Culture=neutral, PublicKeyToken=b03f5f7f11d50a3a" className="UnitTests.TextGeneratorTest, UnitTests, Version=1.0.0.0, Culture=neutral, PublicKeyToken=null" name="IWant_TextGenerator_ToTakeLessThan_500ms_ToGenerate_1000Words" />
    </UnitTest>
  </TestDefinitions>
  <TestLists>
    <TestList name="Results Not in a List" id="8c84fa94-04c1-424b-9868-57a2d4851a1d" />
    <TestList name="All Loaded Results" id="19431567-8539-422a-85d7-44ee4e166bda" />
  </TestLists>
  <TestEntries>
    <TestEntry testId="446f59bb-4e2c-a21b-057b-75294a5fdee2" executionId="615b01c3-4d62-44ba-9069-6e8adb67558d" testListId="8c84fa94-04c1-424b-9868-57a2d4851a1d" />
  </TestEntries>
  <Results>
    <UnitTestResult executionId="615b01c3-4d62-44ba-9069-6e8adb67558d" testId="446f59bb-4e2c-a21b-057b-75294a5fdee2" testName="IWant_TextGenerator_ToTakeLessThan_500ms_ToGenerate_1000Words" computerName="ET_AT_HOME" duration="00:01:03.4060246" startTime="2012-07-17T21:07:34.4044000-04:00" endTime="2012-07-17T21:08:40.0914000-04:00" testType="13cdc9d9-ddb5-4fa4-a97d-d965ccfc6d4b" outcome="Failed" testListId="8c84fa94-04c1-424b-9868-57a2d4851a1d" relativeResultsDirectory="615b01c3-4d62-44ba-9069-6e8adb67558d">
      <Output>
        <DebugTrace>Time to generate: 55049 ms
Total elapsed: 59157 ms
</DebugTrace>
        <ErrorInfo>
          <Message>Expected a value less or equal to 500, but found 59158.</Message>
          <StackTrace>   at FluentAssertions.Frameworks.LateBoundTestFramework.Throw(String message) in c:\Workspaces\FluentAssertions\Releases\1.7.0\FluentAssertions.Net35\Frameworks\LateBoundTestFramework.cs:line 21
   at FluentAssertions.Frameworks.AssertionHelper.Throw(String message) in c:\Workspaces\FluentAssertions\Releases\1.7.0\FluentAssertions.Net35\Frameworks\AssertionHelper.cs:line 29
   at FluentAssertions.Verification.FailWith(String failureMessage, Object[] failureArgs) in c:\Workspaces\FluentAssertions\Releases\1.7.0\FluentAssertions.Net35\Verification.cs:line 158
   at FluentAssertions.Assertions.NumericAssertions`1.BeLessOrEqualTo(T expected, String reason, Object[] reasonArgs) in c:\Workspaces\FluentAssertions\Releases\1.7.0\FluentAssertions.Net35\Assertions\NumericAssertions.cs:line 155
   at FluentAssertions.Assertions.NumericAssertions`1.BeLessOrEqualTo(T expected) in c:\Workspaces\FluentAssertions\Releases\1.7.0\FluentAssertions.Net35\Assertions\NumericAssertions.cs:line 138
   at UnitTests.TextGeneratorTest.IWant_TextGenerator_ToTakeLessThan_500ms_ToGenerate_1000Words() in S:\Code\FakeTextGenerator\UnitTests\TextGeneratorTest.cs:line 192
</StackTrace>
        </ErrorInfo>
      </Output>
    </UnitTestResult>
  </Results>
</TestRun>